[2024-05-20 23:43:06,768] INFO [ControllerEventThread controllerId=0] Starting (kafka.controller.ControllerEventManager$ControllerEventThread)
[2024-05-20 23:43:06,912] INFO [Controller id=0] 0 successfully elected as the controller. Epoch incremented to 1 and epoch zk version is now 1 (kafka.controller.KafkaController)
[2024-05-20 23:43:06,917] INFO [Controller id=0] Creating FeatureZNode at path: /feature with contents: FeatureZNode(2,Enabled,Map()) (kafka.controller.KafkaController)
[2024-05-20 23:43:07,078] INFO [Controller id=0] Registering handlers (kafka.controller.KafkaController)
[2024-05-20 23:43:07,084] INFO [Controller id=0] Deleting log dir event notifications (kafka.controller.KafkaController)
[2024-05-20 23:43:07,088] INFO [Controller id=0] Deleting isr change notifications (kafka.controller.KafkaController)
[2024-05-20 23:43:07,091] INFO [Controller id=0] Initializing controller context (kafka.controller.KafkaController)
[2024-05-20 23:43:07,147] INFO [Controller id=0] Initialized broker epochs cache: Map(0 -> 27) (kafka.controller.KafkaController)
[2024-05-20 23:43:07,157] DEBUG [Controller id=0] Register BrokerModifications handler for Set(0) (kafka.controller.KafkaController)
[2024-05-20 23:43:07,164] DEBUG [Channel manager on controller 0]: Controller 0 trying to connect to broker 0 (kafka.controller.ControllerChannelManager)
[2024-05-20 23:43:07,178] INFO [RequestSendThread controllerId=0] Starting (kafka.controller.RequestSendThread)
[2024-05-20 23:43:07,179] INFO [Controller id=0] Currently active brokers in the cluster: Set(0) (kafka.controller.KafkaController)
[2024-05-20 23:43:07,179] INFO [Controller id=0] Currently shutting brokers in the cluster: Set() (kafka.controller.KafkaController)
[2024-05-20 23:43:07,180] INFO [Controller id=0] Current list of topics in the cluster: Set() (kafka.controller.KafkaController)
[2024-05-20 23:43:07,180] INFO [Controller id=0] Fetching topic deletions in progress (kafka.controller.KafkaController)
[2024-05-20 23:43:07,186] INFO [Controller id=0] List of topics to be deleted:  (kafka.controller.KafkaController)
[2024-05-20 23:43:07,187] INFO [Controller id=0] List of topics ineligible for deletion:  (kafka.controller.KafkaController)
[2024-05-20 23:43:07,188] INFO [Controller id=0] Initializing topic deletion manager (kafka.controller.KafkaController)
[2024-05-20 23:43:07,189] INFO [Topic Deletion Manager 0] Initializing manager with initial deletions: Set(), initial ineligible deletions: Set() (kafka.controller.TopicDeletionManager)
[2024-05-20 23:43:07,190] INFO [Controller id=0] Sending update metadata request (kafka.controller.KafkaController)
[2024-05-20 23:43:07,206] INFO [ReplicaStateMachine controllerId=0] Initializing replica state (kafka.controller.ZkReplicaStateMachine)
[2024-05-20 23:43:07,206] INFO [ReplicaStateMachine controllerId=0] Triggering online replica state changes (kafka.controller.ZkReplicaStateMachine)
[2024-05-20 23:43:07,225] INFO [ReplicaStateMachine controllerId=0] Triggering offline replica state changes (kafka.controller.ZkReplicaStateMachine)
[2024-05-20 23:43:07,225] DEBUG [ReplicaStateMachine controllerId=0] Started replica state machine with initial state -> Map() (kafka.controller.ZkReplicaStateMachine)
[2024-05-20 23:43:07,226] INFO [PartitionStateMachine controllerId=0] Initializing partition state (kafka.controller.ZkPartitionStateMachine)
[2024-05-20 23:43:07,226] INFO [PartitionStateMachine controllerId=0] Triggering online partition state changes (kafka.controller.ZkPartitionStateMachine)
[2024-05-20 23:43:07,230] DEBUG [PartitionStateMachine controllerId=0] Started partition state machine with initial state -> Map() (kafka.controller.ZkPartitionStateMachine)
[2024-05-20 23:43:07,230] INFO [RequestSendThread controllerId=0] Controller 0 connected to localhost:9092 (id: 0 rack: null) for sending state change requests (kafka.controller.RequestSendThread)
[2024-05-20 23:43:07,230] INFO [Controller id=0] Ready to serve as the new controller with epoch 1 (kafka.controller.KafkaController)
[2024-05-20 23:43:07,246] INFO [Controller id=0] Partitions undergoing preferred replica election:  (kafka.controller.KafkaController)
[2024-05-20 23:43:07,246] INFO [Controller id=0] Partitions that completed preferred replica election:  (kafka.controller.KafkaController)
[2024-05-20 23:43:07,247] INFO [Controller id=0] Skipping preferred replica election for partitions due to topic deletion:  (kafka.controller.KafkaController)
[2024-05-20 23:43:07,247] INFO [Controller id=0] Resuming preferred replica election for partitions:  (kafka.controller.KafkaController)
[2024-05-20 23:43:07,268] INFO [Controller id=0] Starting replica leader election (PREFERRED) for partitions  triggered by ZkTriggered (kafka.controller.KafkaController)
[2024-05-20 23:43:07,354] INFO [Controller id=0] Starting the controller scheduler (kafka.controller.KafkaController)
[2024-05-20 23:43:12,366] INFO [Controller id=0] Processing automatic preferred replica leader election (kafka.controller.KafkaController)
[2024-05-20 23:43:12,366] TRACE [Controller id=0] Checking need to trigger auto leader balancing (kafka.controller.KafkaController)
[2024-05-20 23:44:28,711] INFO [Controller id=0] Newly added brokers: 1, deleted brokers: , bounced brokers: , all live brokers: 0,1 (kafka.controller.KafkaController)
[2024-05-20 23:44:28,711] DEBUG [Channel manager on controller 0]: Controller 0 trying to connect to broker 1 (kafka.controller.ControllerChannelManager)
[2024-05-20 23:44:28,716] INFO [RequestSendThread controllerId=0] Starting (kafka.controller.RequestSendThread)
[2024-05-20 23:44:28,719] INFO [Controller id=0] New broker startup callback for 1 (kafka.controller.KafkaController)
[2024-05-20 23:44:28,723] DEBUG [Controller id=0] Register BrokerModifications handler for Vector(1) (kafka.controller.KafkaController)
[2024-05-20 23:44:28,726] INFO [Controller id=0] Updated broker epochs cache: Map(1 -> 47, 0 -> 27) (kafka.controller.KafkaController)
[2024-05-20 23:44:28,787] INFO [ControllerEventThread controllerId=1] Starting (kafka.controller.ControllerEventManager$ControllerEventThread)
[2024-05-20 23:44:28,815] DEBUG [Controller id=1] Broker 0 has been elected as the controller, so stopping the election process. (kafka.controller.KafkaController)
[2024-05-20 23:44:29,235] INFO [RequestSendThread controllerId=0] Controller 0 connected to localhost:9093 (id: 1 rack: null) for sending state change requests (kafka.controller.RequestSendThread)
[2024-05-20 23:44:36,842] INFO [Controller id=0] Newly added brokers: 2, deleted brokers: , bounced brokers: , all live brokers: 0,1,2 (kafka.controller.KafkaController)
[2024-05-20 23:44:36,843] DEBUG [Channel manager on controller 0]: Controller 0 trying to connect to broker 2 (kafka.controller.ControllerChannelManager)
[2024-05-20 23:44:36,848] INFO [RequestSendThread controllerId=0] Starting (kafka.controller.RequestSendThread)
[2024-05-20 23:44:36,849] INFO [Controller id=0] New broker startup callback for 2 (kafka.controller.KafkaController)
[2024-05-20 23:44:36,851] DEBUG [Controller id=0] Register BrokerModifications handler for Vector(2) (kafka.controller.KafkaController)
[2024-05-20 23:44:36,853] INFO [Controller id=0] Updated broker epochs cache: Map(2 -> 63, 1 -> 47, 0 -> 27) (kafka.controller.KafkaController)
[2024-05-20 23:44:36,890] INFO [ControllerEventThread controllerId=2] Starting (kafka.controller.ControllerEventManager$ControllerEventThread)
[2024-05-20 23:44:36,903] DEBUG [Controller id=2] Broker 0 has been elected as the controller, so stopping the election process. (kafka.controller.KafkaController)
[2024-05-20 23:44:37,354] INFO [RequestSendThread controllerId=0] Controller 0 connected to localhost:9094 (id: 2 rack: null) for sending state change requests (kafka.controller.RequestSendThread)
[2024-05-20 23:48:12,383] INFO [Controller id=0] Processing automatic preferred replica leader election (kafka.controller.KafkaController)
[2024-05-20 23:48:12,383] TRACE [Controller id=0] Checking need to trigger auto leader balancing (kafka.controller.KafkaController)
[2024-05-20 23:53:12,390] INFO [Controller id=0] Processing automatic preferred replica leader election (kafka.controller.KafkaController)
[2024-05-20 23:53:12,390] TRACE [Controller id=0] Checking need to trigger auto leader balancing (kafka.controller.KafkaController)
[2024-05-20 23:57:17,717] INFO [Controller id=0] New topics: [Set(firstTopic)], deleted topics: [Set()], new partition replica assignment [Set(TopicIdReplicaAssignment(firstTopic,Some(LYJ8nc_ESyOImplmxxW4sA),Map(firstTopic-1 -> ReplicaAssignment(replicas=2,0,1, addingReplicas=, removingReplicas=), firstTopic-0 -> ReplicaAssignment(replicas=0,1,2, addingReplicas=, removingReplicas=))))] (kafka.controller.KafkaController)
[2024-05-20 23:57:17,727] INFO [Controller id=0] New partition creation callback for firstTopic-1,firstTopic-0 (kafka.controller.KafkaController)
[2024-05-20 23:57:17,913] INFO [RequestSendThread controllerId=0] Controller 0 connected to localhost:9094 (id: 2 rack: null) for sending state change requests (kafka.controller.RequestSendThread)
[2024-05-20 23:57:17,913] INFO [RequestSendThread controllerId=0] Controller 0 connected to localhost:9093 (id: 1 rack: null) for sending state change requests (kafka.controller.RequestSendThread)
[2024-05-20 23:57:17,913] INFO [RequestSendThread controllerId=0] Controller 0 connected to localhost:9092 (id: 0 rack: null) for sending state change requests (kafka.controller.RequestSendThread)
[2024-05-20 23:58:12,402] INFO [Controller id=0] Processing automatic preferred replica leader election (kafka.controller.KafkaController)
[2024-05-20 23:58:12,402] TRACE [Controller id=0] Checking need to trigger auto leader balancing (kafka.controller.KafkaController)
[2024-05-20 23:58:12,403] DEBUG [Controller id=0] Topics not in preferred replica for broker 2 Map() (kafka.controller.KafkaController)
[2024-05-20 23:58:12,404] TRACE [Controller id=0] Leader imbalance ratio for broker 2 is 0.0 (kafka.controller.KafkaController)
[2024-05-20 23:58:12,404] DEBUG [Controller id=0] Topics not in preferred replica for broker 0 Map() (kafka.controller.KafkaController)
[2024-05-20 23:58:12,404] TRACE [Controller id=0] Leader imbalance ratio for broker 0 is 0.0 (kafka.controller.KafkaController)
[2024-05-21 00:00:08,757] DEBUG [Controller id=0] There is no producerId block yet (Zk path version 0), creating the first block (kafka.controller.KafkaController)
[2024-05-21 00:00:08,810] INFO [Controller id=0] Acquired new producerId block ProducerIdsBlock(assignedBrokerId=0, firstProducerId=0, size=1000) by writing to Zk with path version 1 (kafka.controller.KafkaController)
[2024-05-21 00:01:57,301] INFO [Controller id=0] New topics: [Set(__consumer_offsets)], deleted topics: [Set()], new partition replica assignment [Set(TopicIdReplicaAssignment(__consumer_offsets,Some(lSSy6giUSNy1dsAoG53jug),Map(__consumer_offsets-22 -> ReplicaAssignment(replicas=0, addingReplicas=, removingReplicas=), __consumer_offsets-30 -> ReplicaAssignment(replicas=1, addingReplicas=, removingReplicas=), __consumer_offsets-8 -> ReplicaAssignment(replicas=2, addingReplicas=, removingReplicas=), __consumer_offsets-21 -> ReplicaAssignment(replicas=1, addingReplicas=, removingReplicas=), __consumer_offsets-4 -> ReplicaAssignment(replicas=0, addingReplicas=, removingReplicas=), __consumer_offsets-27 -> ReplicaAssignment(replicas=1, addingReplicas=, removingReplicas=), __consumer_offsets-7 -> ReplicaAssignment(replicas=0, addingReplicas=, removingReplicas=), __consumer_offsets-9 -> ReplicaAssignment(replicas=1, addingReplicas=, removingReplicas=), __consumer_offsets-46 -> ReplicaAssignment(replicas=0, addingReplicas=, removingReplicas=), __consumer_offsets-25 -> ReplicaAssignment(replicas=0, addingReplicas=, removingReplicas=), __consumer_offsets-35 -> ReplicaAssignment(replicas=2, addingReplicas=, removingReplicas=), __consumer_offsets-41 -> ReplicaAssignment(replicas=2, addingReplicas=, removingReplicas=), __consumer_offsets-33 -> ReplicaAssignment(replicas=1, addingReplicas=, removingReplicas=), __consumer_offsets-23 -> ReplicaAssignment(replicas=2, addingReplicas=, removingReplicas=), __consumer_offsets-49 -> ReplicaAssignment(replicas=0, addingReplicas=, removingReplicas=), __consumer_offsets-47 -> ReplicaAssignment(replicas=2, addingReplicas=, removingReplicas=), __consumer_offsets-16 -> ReplicaAssignment(replicas=0, addingReplicas=, removingReplicas=), __consumer_offsets-28 -> ReplicaAssignment(replicas=0, addingReplicas=, removingReplicas=), __consumer_offsets-31 -> ReplicaAssignment(replicas=0, addingReplicas=, removingReplicas=), __consumer_offsets-36 -> ReplicaAssignment(replicas=1, addingReplicas=, removingReplicas=), __consumer_offsets-42 -> ReplicaAssignment(replicas=1, addingReplicas=, removingReplicas=), __consumer_offsets-3 -> ReplicaAssignment(replicas=1, addingReplicas=, removingReplicas=), __consumer_offsets-18 -> ReplicaAssignment(replicas=1, addingReplicas=, removingReplicas=), __consumer_offsets-37 -> ReplicaAssignment(replicas=0, addingReplicas=, removingReplicas=), __consumer_offsets-15 -> ReplicaAssignment(replicas=1, addingReplicas=, removingReplicas=), __consumer_offsets-24 -> ReplicaAssignment(replicas=1, addingReplicas=, removingReplicas=), __consumer_offsets-38 -> ReplicaAssignment(replicas=2, addingReplicas=, removingReplicas=), __consumer_offsets-17 -> ReplicaAssignment(replicas=2, addingReplicas=, removingReplicas=), __consumer_offsets-48 -> ReplicaAssignment(replicas=1, addingReplicas=, removingReplicas=), __consumer_offsets-19 -> ReplicaAssignment(replicas=0, addingReplicas=, removingReplicas=), __consumer_offsets-11 -> ReplicaAssignment(replicas=2, addingReplicas=, removingReplicas=), __consumer_offsets-13 -> ReplicaAssignment(replicas=0, addingReplicas=, removingReplicas=), __consumer_offsets-2 -> ReplicaAssignment(replicas=2, addingReplicas=, removingReplicas=), __consumer_offsets-43 -> ReplicaAssignment(replicas=0, addingReplicas=, removingReplicas=), __consumer_offsets-6 -> ReplicaAssignment(replicas=1, addingReplicas=, removingReplicas=), __consumer_offsets-14 -> ReplicaAssignment(replicas=2, addingReplicas=, removingReplicas=), __consumer_offsets-20 -> ReplicaAssignment(replicas=2, addingReplicas=, removingReplicas=), __consumer_offsets-0 -> ReplicaAssignment(replicas=1, addingReplicas=, removingReplicas=), __consumer_offsets-44 -> ReplicaAssignment(replicas=2, addingReplicas=, removingReplicas=), __consumer_offsets-39 -> ReplicaAssignment(replicas=1, addingReplicas=, removingReplicas=), __consumer_offsets-12 -> ReplicaAssignment(replicas=1, addingReplicas=, removingReplicas=), __consumer_offsets-45 -> ReplicaAssignment(replicas=1, addingReplicas=, removingReplicas=), __consumer_offsets-1 -> ReplicaAssignment(replicas=0, addingReplicas=, removingReplicas=), __consumer_offsets-5 -> ReplicaAssignment(replicas=2, addingReplicas=, removingReplicas=), __consumer_offsets-26 -> ReplicaAssignment(replicas=2, addingReplicas=, removingReplicas=), __consumer_offsets-29 -> ReplicaAssignment(replicas=2, addingReplicas=, removingReplicas=), __consumer_offsets-34 -> ReplicaAssignment(replicas=0, addingReplicas=, removingReplicas=), __consumer_offsets-10 -> ReplicaAssignment(replicas=0, addingReplicas=, removingReplicas=), __consumer_offsets-32 -> ReplicaAssignment(replicas=2, addingReplicas=, removingReplicas=), __consumer_offsets-40 -> ReplicaAssignment(replicas=0, addingReplicas=, removingReplicas=))))] (kafka.controller.KafkaController)
[2024-05-21 00:01:57,301] INFO [Controller id=0] New partition creation callback for __consumer_offsets-22,__consumer_offsets-30,__consumer_offsets-8,__consumer_offsets-21,__consumer_offsets-4,__consumer_offsets-27,__consumer_offsets-7,__consumer_offsets-9,__consumer_offsets-46,__consumer_offsets-25,__consumer_offsets-35,__consumer_offsets-41,__consumer_offsets-33,__consumer_offsets-23,__consumer_offsets-49,__consumer_offsets-47,__consumer_offsets-16,__consumer_offsets-28,__consumer_offsets-31,__consumer_offsets-36,__consumer_offsets-42,__consumer_offsets-3,__consumer_offsets-18,__consumer_offsets-37,__consumer_offsets-15,__consumer_offsets-24,__consumer_offsets-38,__consumer_offsets-17,__consumer_offsets-48,__consumer_offsets-19,__consumer_offsets-11,__consumer_offsets-13,__consumer_offsets-2,__consumer_offsets-43,__consumer_offsets-6,__consumer_offsets-14,__consumer_offsets-20,__consumer_offsets-0,__consumer_offsets-44,__consumer_offsets-39,__consumer_offsets-12,__consumer_offsets-45,__consumer_offsets-1,__consumer_offsets-5,__consumer_offsets-26,__consumer_offsets-29,__consumer_offsets-34,__consumer_offsets-10,__consumer_offsets-32,__consumer_offsets-40 (kafka.controller.KafkaController)
[2024-05-21 00:03:12,411] INFO [Controller id=0] Processing automatic preferred replica leader election (kafka.controller.KafkaController)
[2024-05-21 00:03:12,411] TRACE [Controller id=0] Checking need to trigger auto leader balancing (kafka.controller.KafkaController)
[2024-05-21 00:03:12,411] DEBUG [Controller id=0] Topics not in preferred replica for broker 0 Map() (kafka.controller.KafkaController)
[2024-05-21 00:03:12,411] TRACE [Controller id=0] Leader imbalance ratio for broker 0 is 0.0 (kafka.controller.KafkaController)
[2024-05-21 00:03:12,411] DEBUG [Controller id=0] Topics not in preferred replica for broker 1 Map() (kafka.controller.KafkaController)
[2024-05-21 00:03:12,411] TRACE [Controller id=0] Leader imbalance ratio for broker 1 is 0.0 (kafka.controller.KafkaController)
[2024-05-21 00:03:12,411] DEBUG [Controller id=0] Topics not in preferred replica for broker 2 Map() (kafka.controller.KafkaController)
[2024-05-21 00:03:12,411] TRACE [Controller id=0] Leader imbalance ratio for broker 2 is 0.0 (kafka.controller.KafkaController)
[2024-05-21 00:05:24,998] DEBUG [Controller id=0] Read current producerId block ProducerIdsBlock(assignedBrokerId=0, firstProducerId=0, size=1000), Zk path version 1 (kafka.controller.KafkaController)
[2024-05-21 00:05:25,058] INFO [Controller id=0] Acquired new producerId block ProducerIdsBlock(assignedBrokerId=2, firstProducerId=1000, size=1000) by writing to Zk with path version 2 (kafka.controller.KafkaController)
[2024-05-21 00:08:12,416] INFO [Controller id=0] Processing automatic preferred replica leader election (kafka.controller.KafkaController)
[2024-05-21 00:08:12,416] TRACE [Controller id=0] Checking need to trigger auto leader balancing (kafka.controller.KafkaController)
[2024-05-21 00:08:12,417] DEBUG [Controller id=0] Topics not in preferred replica for broker 0 Map() (kafka.controller.KafkaController)
[2024-05-21 00:08:12,417] TRACE [Controller id=0] Leader imbalance ratio for broker 0 is 0.0 (kafka.controller.KafkaController)
[2024-05-21 00:08:12,417] DEBUG [Controller id=0] Topics not in preferred replica for broker 1 Map() (kafka.controller.KafkaController)
[2024-05-21 00:08:12,417] TRACE [Controller id=0] Leader imbalance ratio for broker 1 is 0.0 (kafka.controller.KafkaController)
[2024-05-21 00:08:12,417] DEBUG [Controller id=0] Topics not in preferred replica for broker 2 Map() (kafka.controller.KafkaController)
[2024-05-21 00:08:12,417] TRACE [Controller id=0] Leader imbalance ratio for broker 2 is 0.0 (kafka.controller.KafkaController)
[2024-05-21 00:13:12,420] INFO [Controller id=0] Processing automatic preferred replica leader election (kafka.controller.KafkaController)
[2024-05-21 00:13:12,420] TRACE [Controller id=0] Checking need to trigger auto leader balancing (kafka.controller.KafkaController)
[2024-05-21 00:13:12,421] DEBUG [Controller id=0] Topics not in preferred replica for broker 0 Map() (kafka.controller.KafkaController)
[2024-05-21 00:13:12,421] TRACE [Controller id=0] Leader imbalance ratio for broker 0 is 0.0 (kafka.controller.KafkaController)
[2024-05-21 00:13:12,421] DEBUG [Controller id=0] Topics not in preferred replica for broker 1 Map() (kafka.controller.KafkaController)
[2024-05-21 00:13:12,421] TRACE [Controller id=0] Leader imbalance ratio for broker 1 is 0.0 (kafka.controller.KafkaController)
[2024-05-21 00:13:12,421] DEBUG [Controller id=0] Topics not in preferred replica for broker 2 Map() (kafka.controller.KafkaController)
[2024-05-21 00:13:12,421] TRACE [Controller id=0] Leader imbalance ratio for broker 2 is 0.0 (kafka.controller.KafkaController)
[2024-05-21 00:18:12,433] INFO [Controller id=0] Processing automatic preferred replica leader election (kafka.controller.KafkaController)
[2024-05-21 00:18:12,474] TRACE [Controller id=0] Checking need to trigger auto leader balancing (kafka.controller.KafkaController)
[2024-05-21 00:18:12,474] DEBUG [Controller id=0] Topics not in preferred replica for broker 0 Map() (kafka.controller.KafkaController)
[2024-05-21 00:18:12,474] TRACE [Controller id=0] Leader imbalance ratio for broker 0 is 0.0 (kafka.controller.KafkaController)
[2024-05-21 00:18:12,474] DEBUG [Controller id=0] Topics not in preferred replica for broker 1 Map() (kafka.controller.KafkaController)
[2024-05-21 00:18:12,474] TRACE [Controller id=0] Leader imbalance ratio for broker 1 is 0.0 (kafka.controller.KafkaController)
[2024-05-21 00:18:12,474] DEBUG [Controller id=0] Topics not in preferred replica for broker 2 Map() (kafka.controller.KafkaController)
[2024-05-21 00:18:12,474] TRACE [Controller id=0] Leader imbalance ratio for broker 2 is 0.0 (kafka.controller.KafkaController)
[2024-05-21 00:23:12,483] INFO [Controller id=0] Processing automatic preferred replica leader election (kafka.controller.KafkaController)
[2024-05-21 00:23:12,483] TRACE [Controller id=0] Checking need to trigger auto leader balancing (kafka.controller.KafkaController)
[2024-05-21 00:23:12,484] DEBUG [Controller id=0] Topics not in preferred replica for broker 0 Map() (kafka.controller.KafkaController)
[2024-05-21 00:23:12,484] TRACE [Controller id=0] Leader imbalance ratio for broker 0 is 0.0 (kafka.controller.KafkaController)
[2024-05-21 00:23:12,484] DEBUG [Controller id=0] Topics not in preferred replica for broker 1 Map() (kafka.controller.KafkaController)
[2024-05-21 00:23:12,484] TRACE [Controller id=0] Leader imbalance ratio for broker 1 is 0.0 (kafka.controller.KafkaController)
[2024-05-21 00:23:12,484] DEBUG [Controller id=0] Topics not in preferred replica for broker 2 Map() (kafka.controller.KafkaController)
[2024-05-21 00:23:12,484] TRACE [Controller id=0] Leader imbalance ratio for broker 2 is 0.0 (kafka.controller.KafkaController)
[2024-05-21 00:28:12,494] INFO [Controller id=0] Processing automatic preferred replica leader election (kafka.controller.KafkaController)
[2024-05-21 00:28:12,494] TRACE [Controller id=0] Checking need to trigger auto leader balancing (kafka.controller.KafkaController)
[2024-05-21 00:28:12,496] DEBUG [Controller id=0] Topics not in preferred replica for broker 0 Map() (kafka.controller.KafkaController)
[2024-05-21 00:28:12,496] TRACE [Controller id=0] Leader imbalance ratio for broker 0 is 0.0 (kafka.controller.KafkaController)
[2024-05-21 00:28:12,496] DEBUG [Controller id=0] Topics not in preferred replica for broker 1 Map() (kafka.controller.KafkaController)
[2024-05-21 00:28:12,496] TRACE [Controller id=0] Leader imbalance ratio for broker 1 is 0.0 (kafka.controller.KafkaController)
[2024-05-21 00:28:12,496] DEBUG [Controller id=0] Topics not in preferred replica for broker 2 Map() (kafka.controller.KafkaController)
[2024-05-21 00:28:12,496] TRACE [Controller id=0] Leader imbalance ratio for broker 2 is 0.0 (kafka.controller.KafkaController)
[2024-05-21 00:33:12,505] INFO [Controller id=0] Processing automatic preferred replica leader election (kafka.controller.KafkaController)
[2024-05-21 00:33:12,505] TRACE [Controller id=0] Checking need to trigger auto leader balancing (kafka.controller.KafkaController)
[2024-05-21 00:33:12,506] DEBUG [Controller id=0] Topics not in preferred replica for broker 0 Map() (kafka.controller.KafkaController)
[2024-05-21 00:33:12,506] TRACE [Controller id=0] Leader imbalance ratio for broker 0 is 0.0 (kafka.controller.KafkaController)
[2024-05-21 00:33:12,506] DEBUG [Controller id=0] Topics not in preferred replica for broker 1 Map() (kafka.controller.KafkaController)
[2024-05-21 00:33:12,506] TRACE [Controller id=0] Leader imbalance ratio for broker 1 is 0.0 (kafka.controller.KafkaController)
[2024-05-21 00:33:12,506] DEBUG [Controller id=0] Topics not in preferred replica for broker 2 Map() (kafka.controller.KafkaController)
[2024-05-21 00:33:12,506] TRACE [Controller id=0] Leader imbalance ratio for broker 2 is 0.0 (kafka.controller.KafkaController)
[2024-05-21 00:38:12,514] INFO [Controller id=0] Processing automatic preferred replica leader election (kafka.controller.KafkaController)
[2024-05-21 00:38:12,514] TRACE [Controller id=0] Checking need to trigger auto leader balancing (kafka.controller.KafkaController)
[2024-05-21 00:38:12,515] DEBUG [Controller id=0] Topics not in preferred replica for broker 0 Map() (kafka.controller.KafkaController)
[2024-05-21 00:38:12,515] TRACE [Controller id=0] Leader imbalance ratio for broker 0 is 0.0 (kafka.controller.KafkaController)
[2024-05-21 00:38:12,515] DEBUG [Controller id=0] Topics not in preferred replica for broker 1 Map() (kafka.controller.KafkaController)
[2024-05-21 00:38:12,515] TRACE [Controller id=0] Leader imbalance ratio for broker 1 is 0.0 (kafka.controller.KafkaController)
[2024-05-21 00:38:12,515] DEBUG [Controller id=0] Topics not in preferred replica for broker 2 Map() (kafka.controller.KafkaController)
[2024-05-21 00:38:12,515] TRACE [Controller id=0] Leader imbalance ratio for broker 2 is 0.0 (kafka.controller.KafkaController)
[2024-05-21 00:43:12,524] INFO [Controller id=0] Processing automatic preferred replica leader election (kafka.controller.KafkaController)
[2024-05-21 00:43:12,524] TRACE [Controller id=0] Checking need to trigger auto leader balancing (kafka.controller.KafkaController)
[2024-05-21 00:43:12,524] DEBUG [Controller id=0] Topics not in preferred replica for broker 0 Map() (kafka.controller.KafkaController)
[2024-05-21 00:43:12,525] TRACE [Controller id=0] Leader imbalance ratio for broker 0 is 0.0 (kafka.controller.KafkaController)
[2024-05-21 00:43:12,525] DEBUG [Controller id=0] Topics not in preferred replica for broker 1 Map() (kafka.controller.KafkaController)
[2024-05-21 00:43:12,525] TRACE [Controller id=0] Leader imbalance ratio for broker 1 is 0.0 (kafka.controller.KafkaController)
[2024-05-21 00:43:12,525] DEBUG [Controller id=0] Topics not in preferred replica for broker 2 Map() (kafka.controller.KafkaController)
[2024-05-21 00:43:12,525] TRACE [Controller id=0] Leader imbalance ratio for broker 2 is 0.0 (kafka.controller.KafkaController)
[2024-05-21 00:48:12,534] INFO [Controller id=0] Processing automatic preferred replica leader election (kafka.controller.KafkaController)
[2024-05-21 00:48:12,534] TRACE [Controller id=0] Checking need to trigger auto leader balancing (kafka.controller.KafkaController)
[2024-05-21 00:48:12,535] DEBUG [Controller id=0] Topics not in preferred replica for broker 0 Map() (kafka.controller.KafkaController)
[2024-05-21 00:48:12,535] TRACE [Controller id=0] Leader imbalance ratio for broker 0 is 0.0 (kafka.controller.KafkaController)
[2024-05-21 00:48:12,535] DEBUG [Controller id=0] Topics not in preferred replica for broker 1 Map() (kafka.controller.KafkaController)
[2024-05-21 00:48:12,535] TRACE [Controller id=0] Leader imbalance ratio for broker 1 is 0.0 (kafka.controller.KafkaController)
[2024-05-21 00:48:12,535] DEBUG [Controller id=0] Topics not in preferred replica for broker 2 Map() (kafka.controller.KafkaController)
[2024-05-21 00:48:12,535] TRACE [Controller id=0] Leader imbalance ratio for broker 2 is 0.0 (kafka.controller.KafkaController)
[2024-05-21 00:53:12,548] INFO [Controller id=0] Processing automatic preferred replica leader election (kafka.controller.KafkaController)
[2024-05-21 00:53:12,548] TRACE [Controller id=0] Checking need to trigger auto leader balancing (kafka.controller.KafkaController)
[2024-05-21 00:53:12,548] DEBUG [Controller id=0] Topics not in preferred replica for broker 0 Map() (kafka.controller.KafkaController)
[2024-05-21 00:53:12,549] TRACE [Controller id=0] Leader imbalance ratio for broker 0 is 0.0 (kafka.controller.KafkaController)
[2024-05-21 00:53:12,549] DEBUG [Controller id=0] Topics not in preferred replica for broker 1 Map() (kafka.controller.KafkaController)
[2024-05-21 00:53:12,549] TRACE [Controller id=0] Leader imbalance ratio for broker 1 is 0.0 (kafka.controller.KafkaController)
[2024-05-21 00:53:12,549] DEBUG [Controller id=0] Topics not in preferred replica for broker 2 Map() (kafka.controller.KafkaController)
[2024-05-21 00:53:12,549] TRACE [Controller id=0] Leader imbalance ratio for broker 2 is 0.0 (kafka.controller.KafkaController)
[2024-05-21 00:58:12,553] INFO [Controller id=0] Processing automatic preferred replica leader election (kafka.controller.KafkaController)
[2024-05-21 00:58:12,553] TRACE [Controller id=0] Checking need to trigger auto leader balancing (kafka.controller.KafkaController)
[2024-05-21 00:58:12,553] DEBUG [Controller id=0] Topics not in preferred replica for broker 0 Map() (kafka.controller.KafkaController)
[2024-05-21 00:58:12,553] TRACE [Controller id=0] Leader imbalance ratio for broker 0 is 0.0 (kafka.controller.KafkaController)
[2024-05-21 00:58:12,553] DEBUG [Controller id=0] Topics not in preferred replica for broker 1 Map() (kafka.controller.KafkaController)
[2024-05-21 00:58:12,553] TRACE [Controller id=0] Leader imbalance ratio for broker 1 is 0.0 (kafka.controller.KafkaController)
[2024-05-21 00:58:12,553] DEBUG [Controller id=0] Topics not in preferred replica for broker 2 Map() (kafka.controller.KafkaController)
[2024-05-21 00:58:12,553] TRACE [Controller id=0] Leader imbalance ratio for broker 2 is 0.0 (kafka.controller.KafkaController)
[2024-05-21 01:03:12,559] INFO [Controller id=0] Processing automatic preferred replica leader election (kafka.controller.KafkaController)
[2024-05-21 01:03:12,781] TRACE [Controller id=0] Checking need to trigger auto leader balancing (kafka.controller.KafkaController)
[2024-05-21 01:03:12,781] DEBUG [Controller id=0] Topics not in preferred replica for broker 0 Map() (kafka.controller.KafkaController)
[2024-05-21 01:03:12,781] TRACE [Controller id=0] Leader imbalance ratio for broker 0 is 0.0 (kafka.controller.KafkaController)
[2024-05-21 01:03:12,781] DEBUG [Controller id=0] Topics not in preferred replica for broker 1 Map() (kafka.controller.KafkaController)
[2024-05-21 01:03:12,781] TRACE [Controller id=0] Leader imbalance ratio for broker 1 is 0.0 (kafka.controller.KafkaController)
[2024-05-21 01:03:12,781] DEBUG [Controller id=0] Topics not in preferred replica for broker 2 Map() (kafka.controller.KafkaController)
[2024-05-21 01:03:12,781] TRACE [Controller id=0] Leader imbalance ratio for broker 2 is 0.0 (kafka.controller.KafkaController)
[2024-05-21 01:08:12,793] INFO [Controller id=0] Processing automatic preferred replica leader election (kafka.controller.KafkaController)
[2024-05-21 01:08:12,793] TRACE [Controller id=0] Checking need to trigger auto leader balancing (kafka.controller.KafkaController)
[2024-05-21 01:08:12,793] DEBUG [Controller id=0] Topics not in preferred replica for broker 0 Map() (kafka.controller.KafkaController)
[2024-05-21 01:08:12,794] TRACE [Controller id=0] Leader imbalance ratio for broker 0 is 0.0 (kafka.controller.KafkaController)
[2024-05-21 01:08:12,794] DEBUG [Controller id=0] Topics not in preferred replica for broker 1 Map() (kafka.controller.KafkaController)
[2024-05-21 01:08:12,794] TRACE [Controller id=0] Leader imbalance ratio for broker 1 is 0.0 (kafka.controller.KafkaController)
[2024-05-21 01:08:12,794] DEBUG [Controller id=0] Topics not in preferred replica for broker 2 Map() (kafka.controller.KafkaController)
[2024-05-21 01:08:12,794] TRACE [Controller id=0] Leader imbalance ratio for broker 2 is 0.0 (kafka.controller.KafkaController)
[2024-05-21 01:13:12,805] INFO [Controller id=0] Processing automatic preferred replica leader election (kafka.controller.KafkaController)
[2024-05-21 01:13:12,805] TRACE [Controller id=0] Checking need to trigger auto leader balancing (kafka.controller.KafkaController)
[2024-05-21 01:13:12,839] DEBUG [Controller id=0] Topics not in preferred replica for broker 0 Map() (kafka.controller.KafkaController)
[2024-05-21 01:13:12,839] TRACE [Controller id=0] Leader imbalance ratio for broker 0 is 0.0 (kafka.controller.KafkaController)
[2024-05-21 01:13:12,839] DEBUG [Controller id=0] Topics not in preferred replica for broker 1 Map() (kafka.controller.KafkaController)
[2024-05-21 01:13:12,839] TRACE [Controller id=0] Leader imbalance ratio for broker 1 is 0.0 (kafka.controller.KafkaController)
[2024-05-21 01:13:12,839] DEBUG [Controller id=0] Topics not in preferred replica for broker 2 Map() (kafka.controller.KafkaController)
[2024-05-21 01:13:12,839] TRACE [Controller id=0] Leader imbalance ratio for broker 2 is 0.0 (kafka.controller.KafkaController)
[2024-05-21 01:18:12,851] INFO [Controller id=0] Processing automatic preferred replica leader election (kafka.controller.KafkaController)
[2024-05-21 01:18:12,851] TRACE [Controller id=0] Checking need to trigger auto leader balancing (kafka.controller.KafkaController)
[2024-05-21 01:18:12,852] DEBUG [Controller id=0] Topics not in preferred replica for broker 0 Map() (kafka.controller.KafkaController)
[2024-05-21 01:18:12,852] TRACE [Controller id=0] Leader imbalance ratio for broker 0 is 0.0 (kafka.controller.KafkaController)
[2024-05-21 01:18:12,852] DEBUG [Controller id=0] Topics not in preferred replica for broker 1 Map() (kafka.controller.KafkaController)
[2024-05-21 01:18:12,852] TRACE [Controller id=0] Leader imbalance ratio for broker 1 is 0.0 (kafka.controller.KafkaController)
[2024-05-21 01:18:12,852] DEBUG [Controller id=0] Topics not in preferred replica for broker 2 Map() (kafka.controller.KafkaController)
[2024-05-21 01:18:12,852] TRACE [Controller id=0] Leader imbalance ratio for broker 2 is 0.0 (kafka.controller.KafkaController)
