[2024-05-20 23:43:07,193] INFO [Controller id=0 epoch=1] Sending UpdateMetadata request to brokers Set(0) for 0 partitions (state.change.logger)
[2024-05-20 23:44:28,720] INFO [Controller id=0 epoch=1] Sending UpdateMetadata request to brokers Set(0) for 0 partitions (state.change.logger)
[2024-05-20 23:44:28,721] INFO [Controller id=0 epoch=1] Sending UpdateMetadata request to brokers Set(1) for 0 partitions (state.change.logger)
[2024-05-20 23:44:36,849] INFO [Controller id=0 epoch=1] Sending UpdateMetadata request to brokers Set(0, 1) for 0 partitions (state.change.logger)
[2024-05-20 23:44:36,850] INFO [Controller id=0 epoch=1] Sending UpdateMetadata request to brokers Set(2) for 0 partitions (state.change.logger)
[2024-05-20 23:57:17,728] INFO [Controller id=0 epoch=1] Changed partition firstTopic-1 state from NonExistentPartition to NewPartition with assigned replicas 2,0,1 (state.change.logger)
[2024-05-20 23:57:17,728] INFO [Controller id=0 epoch=1] Changed partition firstTopic-0 state from NonExistentPartition to NewPartition with assigned replicas 0,1,2 (state.change.logger)
[2024-05-20 23:57:17,729] INFO [Controller id=0 epoch=1] Sending UpdateMetadata request to brokers Set() for 0 partitions (state.change.logger)
[2024-05-20 23:57:17,731] INFO [Controller id=0 epoch=1] Sending UpdateMetadata request to brokers Set() for 0 partitions (state.change.logger)
[2024-05-20 23:57:17,904] INFO [Controller id=0 epoch=1] Changed partition firstTopic-1 from NewPartition to OnlinePartition with state LeaderAndIsr(leader=2, leaderEpoch=0, isrWithBrokerEpoch=List(BrokerState(brokerId=2, brokerEpoch=-1), BrokerState(brokerId=0, brokerEpoch=-1), BrokerState(brokerId=1, brokerEpoch=-1)), leaderRecoveryState=RECOVERED, partitionEpoch=0) (state.change.logger)
[2024-05-20 23:57:17,904] INFO [Controller id=0 epoch=1] Changed partition firstTopic-0 from NewPartition to OnlinePartition with state LeaderAndIsr(leader=0, leaderEpoch=0, isrWithBrokerEpoch=List(BrokerState(brokerId=0, brokerEpoch=-1), BrokerState(brokerId=1, brokerEpoch=-1), BrokerState(brokerId=2, brokerEpoch=-1)), leaderRecoveryState=RECOVERED, partitionEpoch=0) (state.change.logger)
[2024-05-20 23:57:17,906] INFO [Controller id=0 epoch=1] Sending LeaderAndIsr request to broker 2 with 1 become-leader and 1 become-follower partitions (state.change.logger)
[2024-05-20 23:57:17,907] INFO [Controller id=0 epoch=1] Sending LeaderAndIsr request to broker 1 with 0 become-leader and 2 become-follower partitions (state.change.logger)
[2024-05-20 23:57:17,907] INFO [Controller id=0 epoch=1] Sending LeaderAndIsr request to broker 0 with 1 become-leader and 1 become-follower partitions (state.change.logger)
[2024-05-20 23:57:17,908] INFO [Controller id=0 epoch=1] Sending UpdateMetadata request to brokers Set(0, 1, 2) for 2 partitions (state.change.logger)
[2024-05-20 23:57:17,909] INFO [Controller id=0 epoch=1] Sending UpdateMetadata request to brokers Set() for 0 partitions (state.change.logger)
[2024-05-20 23:57:17,917] INFO [Broker id=0] Handling LeaderAndIsr request correlationId 3 from controller 0 for 2 partitions (state.change.logger)
[2024-05-20 23:57:17,918] INFO [Broker id=2] Handling LeaderAndIsr request correlationId 1 from controller 0 for 2 partitions (state.change.logger)
[2024-05-20 23:57:17,918] INFO [Broker id=1] Handling LeaderAndIsr request correlationId 2 from controller 0 for 2 partitions (state.change.logger)
[2024-05-20 23:57:17,942] INFO [Broker id=0] Stopped fetchers as part of LeaderAndIsr request correlationId 3 from controller 0 epoch 1 as part of the become-leader transition for 1 partitions (state.change.logger)
[2024-05-20 23:57:17,944] INFO [Broker id=2] Stopped fetchers as part of LeaderAndIsr request correlationId 1 from controller 0 epoch 1 as part of the become-leader transition for 1 partitions (state.change.logger)
[2024-05-20 23:57:18,095] INFO [Broker id=1] Follower firstTopic-0 starts at leader epoch 0 from offset 0 with partition epoch 0 and high watermark 0. Current leader is 0. Previous leader Some(0) and previous leader epoch was 0. (state.change.logger)
[2024-05-20 23:57:18,096] INFO [Broker id=0] Leader firstTopic-0 with topic id Some(LYJ8nc_ESyOImplmxxW4sA) starts at leader epoch 0 from offset 0 with partition epoch 0, high watermark 0, ISR [0,1,2], adding replicas [] and removing replicas [] . Previous leader None and previous leader epoch was -1. (state.change.logger)
[2024-05-20 23:57:18,097] INFO [Broker id=2] Leader firstTopic-1 with topic id Some(LYJ8nc_ESyOImplmxxW4sA) starts at leader epoch 0 from offset 0 with partition epoch 0, high watermark 0, ISR [2,0,1], adding replicas [] and removing replicas [] . Previous leader None and previous leader epoch was -1. (state.change.logger)
[2024-05-20 23:57:18,246] INFO [Broker id=1] Follower firstTopic-1 starts at leader epoch 0 from offset 0 with partition epoch 0 and high watermark 0. Current leader is 2. Previous leader Some(2) and previous leader epoch was 0. (state.change.logger)
[2024-05-20 23:57:18,249] INFO [Broker id=1] Stopped fetchers as part of become-follower request from controller 0 epoch 1 with correlation id 2 for 2 partitions (state.change.logger)
[2024-05-20 23:57:18,280] INFO [Broker id=0] Follower firstTopic-1 starts at leader epoch 0 from offset 0 with partition epoch 0 and high watermark 0. Current leader is 2. Previous leader Some(2) and previous leader epoch was 0. (state.change.logger)
[2024-05-20 23:57:18,281] INFO [Broker id=0] Stopped fetchers as part of become-follower request from controller 0 epoch 1 with correlation id 3 for 1 partitions (state.change.logger)
[2024-05-20 23:57:18,386] INFO [Broker id=2] Follower firstTopic-0 starts at leader epoch 0 from offset 0 with partition epoch 0 and high watermark 0. Current leader is 0. Previous leader Some(0) and previous leader epoch was 0. (state.change.logger)
[2024-05-20 23:57:18,387] INFO [Broker id=2] Stopped fetchers as part of become-follower request from controller 0 epoch 1 with correlation id 1 for 1 partitions (state.change.logger)
[2024-05-20 23:57:18,479] INFO [Broker id=2] Finished LeaderAndIsr request in 562ms correlationId 1 from controller 0 for 2 partitions (state.change.logger)
[2024-05-20 23:57:18,479] INFO [Broker id=0] Finished LeaderAndIsr request in 563ms correlationId 3 from controller 0 for 2 partitions (state.change.logger)
[2024-05-20 23:57:18,486] INFO [Broker id=1] Finished LeaderAndIsr request in 567ms correlationId 2 from controller 0 for 2 partitions (state.change.logger)
[2024-05-20 23:57:18,492] INFO [Broker id=0] Add 2 partitions and deleted 0 partitions from metadata cache in response to UpdateMetadata request sent by controller 0 epoch 1 with correlation id 4 (state.change.logger)
[2024-05-20 23:57:18,493] INFO [Broker id=2] Add 2 partitions and deleted 0 partitions from metadata cache in response to UpdateMetadata request sent by controller 0 epoch 1 with correlation id 2 (state.change.logger)
[2024-05-20 23:57:18,496] INFO [Broker id=1] Add 2 partitions and deleted 0 partitions from metadata cache in response to UpdateMetadata request sent by controller 0 epoch 1 with correlation id 3 (state.change.logger)
[2024-05-21 00:01:57,301] INFO [Controller id=0 epoch=1] Changed partition __consumer_offsets-22 state from NonExistentPartition to NewPartition with assigned replicas 0 (state.change.logger)
[2024-05-21 00:01:57,302] INFO [Controller id=0 epoch=1] Changed partition __consumer_offsets-30 state from NonExistentPartition to NewPartition with assigned replicas 1 (state.change.logger)
[2024-05-21 00:01:57,302] INFO [Controller id=0 epoch=1] Changed partition __consumer_offsets-8 state from NonExistentPartition to NewPartition with assigned replicas 2 (state.change.logger)
[2024-05-21 00:01:57,302] INFO [Controller id=0 epoch=1] Changed partition __consumer_offsets-21 state from NonExistentPartition to NewPartition with assigned replicas 1 (state.change.logger)
[2024-05-21 00:01:57,302] INFO [Controller id=0 epoch=1] Changed partition __consumer_offsets-4 state from NonExistentPartition to NewPartition with assigned replicas 0 (state.change.logger)
[2024-05-21 00:01:57,303] INFO [Controller id=0 epoch=1] Changed partition __consumer_offsets-27 state from NonExistentPartition to NewPartition with assigned replicas 1 (state.change.logger)
[2024-05-21 00:01:57,303] INFO [Controller id=0 epoch=1] Changed partition __consumer_offsets-7 state from NonExistentPartition to NewPartition with assigned replicas 0 (state.change.logger)
[2024-05-21 00:01:57,303] INFO [Controller id=0 epoch=1] Changed partition __consumer_offsets-9 state from NonExistentPartition to NewPartition with assigned replicas 1 (state.change.logger)
[2024-05-21 00:01:57,303] INFO [Controller id=0 epoch=1] Changed partition __consumer_offsets-46 state from NonExistentPartition to NewPartition with assigned replicas 0 (state.change.logger)
[2024-05-21 00:01:57,303] INFO [Controller id=0 epoch=1] Changed partition __consumer_offsets-25 state from NonExistentPartition to NewPartition with assigned replicas 0 (state.change.logger)
[2024-05-21 00:01:57,303] INFO [Controller id=0 epoch=1] Changed partition __consumer_offsets-35 state from NonExistentPartition to NewPartition with assigned replicas 2 (state.change.logger)
[2024-05-21 00:01:57,303] INFO [Controller id=0 epoch=1] Changed partition __consumer_offsets-41 state from NonExistentPartition to NewPartition with assigned replicas 2 (state.change.logger)
[2024-05-21 00:01:57,303] INFO [Controller id=0 epoch=1] Changed partition __consumer_offsets-33 state from NonExistentPartition to NewPartition with assigned replicas 1 (state.change.logger)
[2024-05-21 00:01:57,303] INFO [Controller id=0 epoch=1] Changed partition __consumer_offsets-23 state from NonExistentPartition to NewPartition with assigned replicas 2 (state.change.logger)
[2024-05-21 00:01:57,303] INFO [Controller id=0 epoch=1] Changed partition __consumer_offsets-49 state from NonExistentPartition to NewPartition with assigned replicas 0 (state.change.logger)
[2024-05-21 00:01:57,303] INFO [Controller id=0 epoch=1] Changed partition __consumer_offsets-47 state from NonExistentPartition to NewPartition with assigned replicas 2 (state.change.logger)
[2024-05-21 00:01:57,303] INFO [Controller id=0 epoch=1] Changed partition __consumer_offsets-16 state from NonExistentPartition to NewPartition with assigned replicas 0 (state.change.logger)
[2024-05-21 00:01:57,303] INFO [Controller id=0 epoch=1] Changed partition __consumer_offsets-28 state from NonExistentPartition to NewPartition with assigned replicas 0 (state.change.logger)
[2024-05-21 00:01:57,303] INFO [Controller id=0 epoch=1] Changed partition __consumer_offsets-31 state from NonExistentPartition to NewPartition with assigned replicas 0 (state.change.logger)
[2024-05-21 00:01:57,303] INFO [Controller id=0 epoch=1] Changed partition __consumer_offsets-36 state from NonExistentPartition to NewPartition with assigned replicas 1 (state.change.logger)
[2024-05-21 00:01:57,303] INFO [Controller id=0 epoch=1] Changed partition __consumer_offsets-42 state from NonExistentPartition to NewPartition with assigned replicas 1 (state.change.logger)
[2024-05-21 00:01:57,303] INFO [Controller id=0 epoch=1] Changed partition __consumer_offsets-3 state from NonExistentPartition to NewPartition with assigned replicas 1 (state.change.logger)
[2024-05-21 00:01:57,303] INFO [Controller id=0 epoch=1] Changed partition __consumer_offsets-18 state from NonExistentPartition to NewPartition with assigned replicas 1 (state.change.logger)
[2024-05-21 00:01:57,303] INFO [Controller id=0 epoch=1] Changed partition __consumer_offsets-37 state from NonExistentPartition to NewPartition with assigned replicas 0 (state.change.logger)
[2024-05-21 00:01:57,303] INFO [Controller id=0 epoch=1] Changed partition __consumer_offsets-15 state from NonExistentPartition to NewPartition with assigned replicas 1 (state.change.logger)
[2024-05-21 00:01:57,303] INFO [Controller id=0 epoch=1] Changed partition __consumer_offsets-24 state from NonExistentPartition to NewPartition with assigned replicas 1 (state.change.logger)
[2024-05-21 00:01:57,303] INFO [Controller id=0 epoch=1] Changed partition __consumer_offsets-38 state from NonExistentPartition to NewPartition with assigned replicas 2 (state.change.logger)
[2024-05-21 00:01:57,303] INFO [Controller id=0 epoch=1] Changed partition __consumer_offsets-17 state from NonExistentPartition to NewPartition with assigned replicas 2 (state.change.logger)
[2024-05-21 00:01:57,303] INFO [Controller id=0 epoch=1] Changed partition __consumer_offsets-48 state from NonExistentPartition to NewPartition with assigned replicas 1 (state.change.logger)
[2024-05-21 00:01:57,303] INFO [Controller id=0 epoch=1] Changed partition __consumer_offsets-19 state from NonExistentPartition to NewPartition with assigned replicas 0 (state.change.logger)
[2024-05-21 00:01:57,303] INFO [Controller id=0 epoch=1] Changed partition __consumer_offsets-11 state from NonExistentPartition to NewPartition with assigned replicas 2 (state.change.logger)
[2024-05-21 00:01:57,303] INFO [Controller id=0 epoch=1] Changed partition __consumer_offsets-13 state from NonExistentPartition to NewPartition with assigned replicas 0 (state.change.logger)
[2024-05-21 00:01:57,303] INFO [Controller id=0 epoch=1] Changed partition __consumer_offsets-2 state from NonExistentPartition to NewPartition with assigned replicas 2 (state.change.logger)
[2024-05-21 00:01:57,303] INFO [Controller id=0 epoch=1] Changed partition __consumer_offsets-43 state from NonExistentPartition to NewPartition with assigned replicas 0 (state.change.logger)
[2024-05-21 00:01:57,303] INFO [Controller id=0 epoch=1] Changed partition __consumer_offsets-6 state from NonExistentPartition to NewPartition with assigned replicas 1 (state.change.logger)
[2024-05-21 00:01:57,304] INFO [Controller id=0 epoch=1] Changed partition __consumer_offsets-14 state from NonExistentPartition to NewPartition with assigned replicas 2 (state.change.logger)
[2024-05-21 00:01:57,304] INFO [Controller id=0 epoch=1] Changed partition __consumer_offsets-20 state from NonExistentPartition to NewPartition with assigned replicas 2 (state.change.logger)
[2024-05-21 00:01:57,304] INFO [Controller id=0 epoch=1] Changed partition __consumer_offsets-0 state from NonExistentPartition to NewPartition with assigned replicas 1 (state.change.logger)
[2024-05-21 00:01:57,304] INFO [Controller id=0 epoch=1] Changed partition __consumer_offsets-44 state from NonExistentPartition to NewPartition with assigned replicas 2 (state.change.logger)
[2024-05-21 00:01:57,304] INFO [Controller id=0 epoch=1] Changed partition __consumer_offsets-39 state from NonExistentPartition to NewPartition with assigned replicas 1 (state.change.logger)
[2024-05-21 00:01:57,304] INFO [Controller id=0 epoch=1] Changed partition __consumer_offsets-12 state from NonExistentPartition to NewPartition with assigned replicas 1 (state.change.logger)
[2024-05-21 00:01:57,304] INFO [Controller id=0 epoch=1] Changed partition __consumer_offsets-45 state from NonExistentPartition to NewPartition with assigned replicas 1 (state.change.logger)
[2024-05-21 00:01:57,304] INFO [Controller id=0 epoch=1] Changed partition __consumer_offsets-1 state from NonExistentPartition to NewPartition with assigned replicas 0 (state.change.logger)
[2024-05-21 00:01:57,304] INFO [Controller id=0 epoch=1] Changed partition __consumer_offsets-5 state from NonExistentPartition to NewPartition with assigned replicas 2 (state.change.logger)
[2024-05-21 00:01:57,304] INFO [Controller id=0 epoch=1] Changed partition __consumer_offsets-26 state from NonExistentPartition to NewPartition with assigned replicas 2 (state.change.logger)
[2024-05-21 00:01:57,304] INFO [Controller id=0 epoch=1] Changed partition __consumer_offsets-29 state from NonExistentPartition to NewPartition with assigned replicas 2 (state.change.logger)
[2024-05-21 00:01:57,304] INFO [Controller id=0 epoch=1] Changed partition __consumer_offsets-34 state from NonExistentPartition to NewPartition with assigned replicas 0 (state.change.logger)
[2024-05-21 00:01:57,304] INFO [Controller id=0 epoch=1] Changed partition __consumer_offsets-10 state from NonExistentPartition to NewPartition with assigned replicas 0 (state.change.logger)
[2024-05-21 00:01:57,304] INFO [Controller id=0 epoch=1] Changed partition __consumer_offsets-32 state from NonExistentPartition to NewPartition with assigned replicas 2 (state.change.logger)
[2024-05-21 00:01:57,304] INFO [Controller id=0 epoch=1] Changed partition __consumer_offsets-40 state from NonExistentPartition to NewPartition with assigned replicas 0 (state.change.logger)
[2024-05-21 00:01:57,304] INFO [Controller id=0 epoch=1] Sending UpdateMetadata request to brokers Set() for 0 partitions (state.change.logger)
[2024-05-21 00:01:57,305] INFO [Controller id=0 epoch=1] Sending UpdateMetadata request to brokers Set() for 0 partitions (state.change.logger)
[2024-05-21 00:01:57,991] INFO [Controller id=0 epoch=1] Changed partition __consumer_offsets-22 from NewPartition to OnlinePartition with state LeaderAndIsr(leader=0, leaderEpoch=0, isrWithBrokerEpoch=List(BrokerState(brokerId=0, brokerEpoch=-1)), leaderRecoveryState=RECOVERED, partitionEpoch=0) (state.change.logger)
[2024-05-21 00:01:57,991] INFO [Controller id=0 epoch=1] Changed partition __consumer_offsets-30 from NewPartition to OnlinePartition with state LeaderAndIsr(leader=1, leaderEpoch=0, isrWithBrokerEpoch=List(BrokerState(brokerId=1, brokerEpoch=-1)), leaderRecoveryState=RECOVERED, partitionEpoch=0) (state.change.logger)
[2024-05-21 00:01:57,991] INFO [Controller id=0 epoch=1] Changed partition __consumer_offsets-8 from NewPartition to OnlinePartition with state LeaderAndIsr(leader=2, leaderEpoch=0, isrWithBrokerEpoch=List(BrokerState(brokerId=2, brokerEpoch=-1)), leaderRecoveryState=RECOVERED, partitionEpoch=0) (state.change.logger)
[2024-05-21 00:01:57,991] INFO [Controller id=0 epoch=1] Changed partition __consumer_offsets-21 from NewPartition to OnlinePartition with state LeaderAndIsr(leader=1, leaderEpoch=0, isrWithBrokerEpoch=List(BrokerState(brokerId=1, brokerEpoch=-1)), leaderRecoveryState=RECOVERED, partitionEpoch=0) (state.change.logger)
[2024-05-21 00:01:57,991] INFO [Controller id=0 epoch=1] Changed partition __consumer_offsets-4 from NewPartition to OnlinePartition with state LeaderAndIsr(leader=0, leaderEpoch=0, isrWithBrokerEpoch=List(BrokerState(brokerId=0, brokerEpoch=-1)), leaderRecoveryState=RECOVERED, partitionEpoch=0) (state.change.logger)
[2024-05-21 00:01:57,991] INFO [Controller id=0 epoch=1] Changed partition __consumer_offsets-27 from NewPartition to OnlinePartition with state LeaderAndIsr(leader=1, leaderEpoch=0, isrWithBrokerEpoch=List(BrokerState(brokerId=1, brokerEpoch=-1)), leaderRecoveryState=RECOVERED, partitionEpoch=0) (state.change.logger)
[2024-05-21 00:01:57,991] INFO [Controller id=0 epoch=1] Changed partition __consumer_offsets-7 from NewPartition to OnlinePartition with state LeaderAndIsr(leader=0, leaderEpoch=0, isrWithBrokerEpoch=List(BrokerState(brokerId=0, brokerEpoch=-1)), leaderRecoveryState=RECOVERED, partitionEpoch=0) (state.change.logger)
[2024-05-21 00:01:57,991] INFO [Controller id=0 epoch=1] Changed partition __consumer_offsets-9 from NewPartition to OnlinePartition with state LeaderAndIsr(leader=1, leaderEpoch=0, isrWithBrokerEpoch=List(BrokerState(brokerId=1, brokerEpoch=-1)), leaderRecoveryState=RECOVERED, partitionEpoch=0) (state.change.logger)
[2024-05-21 00:01:57,991] INFO [Controller id=0 epoch=1] Changed partition __consumer_offsets-46 from NewPartition to OnlinePartition with state LeaderAndIsr(leader=0, leaderEpoch=0, isrWithBrokerEpoch=List(BrokerState(brokerId=0, brokerEpoch=-1)), leaderRecoveryState=RECOVERED, partitionEpoch=0) (state.change.logger)
[2024-05-21 00:01:57,991] INFO [Controller id=0 epoch=1] Changed partition __consumer_offsets-25 from NewPartition to OnlinePartition with state LeaderAndIsr(leader=0, leaderEpoch=0, isrWithBrokerEpoch=List(BrokerState(brokerId=0, brokerEpoch=-1)), leaderRecoveryState=RECOVERED, partitionEpoch=0) (state.change.logger)
[2024-05-21 00:01:57,991] INFO [Controller id=0 epoch=1] Changed partition __consumer_offsets-35 from NewPartition to OnlinePartition with state LeaderAndIsr(leader=2, leaderEpoch=0, isrWithBrokerEpoch=List(BrokerState(brokerId=2, brokerEpoch=-1)), leaderRecoveryState=RECOVERED, partitionEpoch=0) (state.change.logger)
[2024-05-21 00:01:57,991] INFO [Controller id=0 epoch=1] Changed partition __consumer_offsets-41 from NewPartition to OnlinePartition with state LeaderAndIsr(leader=2, leaderEpoch=0, isrWithBrokerEpoch=List(BrokerState(brokerId=2, brokerEpoch=-1)), leaderRecoveryState=RECOVERED, partitionEpoch=0) (state.change.logger)
[2024-05-21 00:01:57,992] INFO [Controller id=0 epoch=1] Changed partition __consumer_offsets-33 from NewPartition to OnlinePartition with state LeaderAndIsr(leader=1, leaderEpoch=0, isrWithBrokerEpoch=List(BrokerState(brokerId=1, brokerEpoch=-1)), leaderRecoveryState=RECOVERED, partitionEpoch=0) (state.change.logger)
[2024-05-21 00:01:57,992] INFO [Controller id=0 epoch=1] Changed partition __consumer_offsets-23 from NewPartition to OnlinePartition with state LeaderAndIsr(leader=2, leaderEpoch=0, isrWithBrokerEpoch=List(BrokerState(brokerId=2, brokerEpoch=-1)), leaderRecoveryState=RECOVERED, partitionEpoch=0) (state.change.logger)
[2024-05-21 00:01:57,992] INFO [Controller id=0 epoch=1] Changed partition __consumer_offsets-49 from NewPartition to OnlinePartition with state LeaderAndIsr(leader=0, leaderEpoch=0, isrWithBrokerEpoch=List(BrokerState(brokerId=0, brokerEpoch=-1)), leaderRecoveryState=RECOVERED, partitionEpoch=0) (state.change.logger)
[2024-05-21 00:01:57,992] INFO [Controller id=0 epoch=1] Changed partition __consumer_offsets-47 from NewPartition to OnlinePartition with state LeaderAndIsr(leader=2, leaderEpoch=0, isrWithBrokerEpoch=List(BrokerState(brokerId=2, brokerEpoch=-1)), leaderRecoveryState=RECOVERED, partitionEpoch=0) (state.change.logger)
[2024-05-21 00:01:57,992] INFO [Controller id=0 epoch=1] Changed partition __consumer_offsets-16 from NewPartition to OnlinePartition with state LeaderAndIsr(leader=0, leaderEpoch=0, isrWithBrokerEpoch=List(BrokerState(brokerId=0, brokerEpoch=-1)), leaderRecoveryState=RECOVERED, partitionEpoch=0) (state.change.logger)
[2024-05-21 00:01:57,992] INFO [Controller id=0 epoch=1] Changed partition __consumer_offsets-28 from NewPartition to OnlinePartition with state LeaderAndIsr(leader=0, leaderEpoch=0, isrWithBrokerEpoch=List(BrokerState(brokerId=0, brokerEpoch=-1)), leaderRecoveryState=RECOVERED, partitionEpoch=0) (state.change.logger)
[2024-05-21 00:01:57,992] INFO [Controller id=0 epoch=1] Changed partition __consumer_offsets-31 from NewPartition to OnlinePartition with state LeaderAndIsr(leader=0, leaderEpoch=0, isrWithBrokerEpoch=List(BrokerState(brokerId=0, brokerEpoch=-1)), leaderRecoveryState=RECOVERED, partitionEpoch=0) (state.change.logger)
[2024-05-21 00:01:57,992] INFO [Controller id=0 epoch=1] Changed partition __consumer_offsets-36 from NewPartition to OnlinePartition with state LeaderAndIsr(leader=1, leaderEpoch=0, isrWithBrokerEpoch=List(BrokerState(brokerId=1, brokerEpoch=-1)), leaderRecoveryState=RECOVERED, partitionEpoch=0) (state.change.logger)
[2024-05-21 00:01:57,992] INFO [Controller id=0 epoch=1] Changed partition __consumer_offsets-42 from NewPartition to OnlinePartition with state LeaderAndIsr(leader=1, leaderEpoch=0, isrWithBrokerEpoch=List(BrokerState(brokerId=1, brokerEpoch=-1)), leaderRecoveryState=RECOVERED, partitionEpoch=0) (state.change.logger)
[2024-05-21 00:01:57,992] INFO [Controller id=0 epoch=1] Changed partition __consumer_offsets-3 from NewPartition to OnlinePartition with state LeaderAndIsr(leader=1, leaderEpoch=0, isrWithBrokerEpoch=List(BrokerState(brokerId=1, brokerEpoch=-1)), leaderRecoveryState=RECOVERED, partitionEpoch=0) (state.change.logger)
[2024-05-21 00:01:57,992] INFO [Controller id=0 epoch=1] Changed partition __consumer_offsets-18 from NewPartition to OnlinePartition with state LeaderAndIsr(leader=1, leaderEpoch=0, isrWithBrokerEpoch=List(BrokerState(brokerId=1, brokerEpoch=-1)), leaderRecoveryState=RECOVERED, partitionEpoch=0) (state.change.logger)
[2024-05-21 00:01:57,992] INFO [Controller id=0 epoch=1] Changed partition __consumer_offsets-37 from NewPartition to OnlinePartition with state LeaderAndIsr(leader=0, leaderEpoch=0, isrWithBrokerEpoch=List(BrokerState(brokerId=0, brokerEpoch=-1)), leaderRecoveryState=RECOVERED, partitionEpoch=0) (state.change.logger)
[2024-05-21 00:01:57,992] INFO [Controller id=0 epoch=1] Changed partition __consumer_offsets-15 from NewPartition to OnlinePartition with state LeaderAndIsr(leader=1, leaderEpoch=0, isrWithBrokerEpoch=List(BrokerState(brokerId=1, brokerEpoch=-1)), leaderRecoveryState=RECOVERED, partitionEpoch=0) (state.change.logger)
[2024-05-21 00:01:57,992] INFO [Controller id=0 epoch=1] Changed partition __consumer_offsets-24 from NewPartition to OnlinePartition with state LeaderAndIsr(leader=1, leaderEpoch=0, isrWithBrokerEpoch=List(BrokerState(brokerId=1, brokerEpoch=-1)), leaderRecoveryState=RECOVERED, partitionEpoch=0) (state.change.logger)
[2024-05-21 00:01:57,992] INFO [Controller id=0 epoch=1] Changed partition __consumer_offsets-38 from NewPartition to OnlinePartition with state LeaderAndIsr(leader=2, leaderEpoch=0, isrWithBrokerEpoch=List(BrokerState(brokerId=2, brokerEpoch=-1)), leaderRecoveryState=RECOVERED, partitionEpoch=0) (state.change.logger)
[2024-05-21 00:01:57,992] INFO [Controller id=0 epoch=1] Changed partition __consumer_offsets-17 from NewPartition to OnlinePartition with state LeaderAndIsr(leader=2, leaderEpoch=0, isrWithBrokerEpoch=List(BrokerState(brokerId=2, brokerEpoch=-1)), leaderRecoveryState=RECOVERED, partitionEpoch=0) (state.change.logger)
[2024-05-21 00:01:57,992] INFO [Controller id=0 epoch=1] Changed partition __consumer_offsets-48 from NewPartition to OnlinePartition with state LeaderAndIsr(leader=1, leaderEpoch=0, isrWithBrokerEpoch=List(BrokerState(brokerId=1, brokerEpoch=-1)), leaderRecoveryState=RECOVERED, partitionEpoch=0) (state.change.logger)
[2024-05-21 00:01:57,992] INFO [Controller id=0 epoch=1] Changed partition __consumer_offsets-19 from NewPartition to OnlinePartition with state LeaderAndIsr(leader=0, leaderEpoch=0, isrWithBrokerEpoch=List(BrokerState(brokerId=0, brokerEpoch=-1)), leaderRecoveryState=RECOVERED, partitionEpoch=0) (state.change.logger)
[2024-05-21 00:01:57,992] INFO [Controller id=0 epoch=1] Changed partition __consumer_offsets-11 from NewPartition to OnlinePartition with state LeaderAndIsr(leader=2, leaderEpoch=0, isrWithBrokerEpoch=List(BrokerState(brokerId=2, brokerEpoch=-1)), leaderRecoveryState=RECOVERED, partitionEpoch=0) (state.change.logger)
[2024-05-21 00:01:57,992] INFO [Controller id=0 epoch=1] Changed partition __consumer_offsets-13 from NewPartition to OnlinePartition with state LeaderAndIsr(leader=0, leaderEpoch=0, isrWithBrokerEpoch=List(BrokerState(brokerId=0, brokerEpoch=-1)), leaderRecoveryState=RECOVERED, partitionEpoch=0) (state.change.logger)
[2024-05-21 00:01:57,992] INFO [Controller id=0 epoch=1] Changed partition __consumer_offsets-2 from NewPartition to OnlinePartition with state LeaderAndIsr(leader=2, leaderEpoch=0, isrWithBrokerEpoch=List(BrokerState(brokerId=2, brokerEpoch=-1)), leaderRecoveryState=RECOVERED, partitionEpoch=0) (state.change.logger)
[2024-05-21 00:01:57,993] INFO [Controller id=0 epoch=1] Changed partition __consumer_offsets-43 from NewPartition to OnlinePartition with state LeaderAndIsr(leader=0, leaderEpoch=0, isrWithBrokerEpoch=List(BrokerState(brokerId=0, brokerEpoch=-1)), leaderRecoveryState=RECOVERED, partitionEpoch=0) (state.change.logger)
[2024-05-21 00:01:57,993] INFO [Controller id=0 epoch=1] Changed partition __consumer_offsets-6 from NewPartition to OnlinePartition with state LeaderAndIsr(leader=1, leaderEpoch=0, isrWithBrokerEpoch=List(BrokerState(brokerId=1, brokerEpoch=-1)), leaderRecoveryState=RECOVERED, partitionEpoch=0) (state.change.logger)
[2024-05-21 00:01:57,993] INFO [Controller id=0 epoch=1] Changed partition __consumer_offsets-14 from NewPartition to OnlinePartition with state LeaderAndIsr(leader=2, leaderEpoch=0, isrWithBrokerEpoch=List(BrokerState(brokerId=2, brokerEpoch=-1)), leaderRecoveryState=RECOVERED, partitionEpoch=0) (state.change.logger)
[2024-05-21 00:01:57,993] INFO [Controller id=0 epoch=1] Changed partition __consumer_offsets-20 from NewPartition to OnlinePartition with state LeaderAndIsr(leader=2, leaderEpoch=0, isrWithBrokerEpoch=List(BrokerState(brokerId=2, brokerEpoch=-1)), leaderRecoveryState=RECOVERED, partitionEpoch=0) (state.change.logger)
[2024-05-21 00:01:57,993] INFO [Controller id=0 epoch=1] Changed partition __consumer_offsets-0 from NewPartition to OnlinePartition with state LeaderAndIsr(leader=1, leaderEpoch=0, isrWithBrokerEpoch=List(BrokerState(brokerId=1, brokerEpoch=-1)), leaderRecoveryState=RECOVERED, partitionEpoch=0) (state.change.logger)
[2024-05-21 00:01:57,993] INFO [Controller id=0 epoch=1] Changed partition __consumer_offsets-44 from NewPartition to OnlinePartition with state LeaderAndIsr(leader=2, leaderEpoch=0, isrWithBrokerEpoch=List(BrokerState(brokerId=2, brokerEpoch=-1)), leaderRecoveryState=RECOVERED, partitionEpoch=0) (state.change.logger)
[2024-05-21 00:01:57,993] INFO [Controller id=0 epoch=1] Changed partition __consumer_offsets-39 from NewPartition to OnlinePartition with state LeaderAndIsr(leader=1, leaderEpoch=0, isrWithBrokerEpoch=List(BrokerState(brokerId=1, brokerEpoch=-1)), leaderRecoveryState=RECOVERED, partitionEpoch=0) (state.change.logger)
[2024-05-21 00:01:57,993] INFO [Controller id=0 epoch=1] Changed partition __consumer_offsets-12 from NewPartition to OnlinePartition with state LeaderAndIsr(leader=1, leaderEpoch=0, isrWithBrokerEpoch=List(BrokerState(brokerId=1, brokerEpoch=-1)), leaderRecoveryState=RECOVERED, partitionEpoch=0) (state.change.logger)
[2024-05-21 00:01:57,993] INFO [Controller id=0 epoch=1] Changed partition __consumer_offsets-45 from NewPartition to OnlinePartition with state LeaderAndIsr(leader=1, leaderEpoch=0, isrWithBrokerEpoch=List(BrokerState(brokerId=1, brokerEpoch=-1)), leaderRecoveryState=RECOVERED, partitionEpoch=0) (state.change.logger)
[2024-05-21 00:01:57,993] INFO [Controller id=0 epoch=1] Changed partition __consumer_offsets-1 from NewPartition to OnlinePartition with state LeaderAndIsr(leader=0, leaderEpoch=0, isrWithBrokerEpoch=List(BrokerState(brokerId=0, brokerEpoch=-1)), leaderRecoveryState=RECOVERED, partitionEpoch=0) (state.change.logger)
[2024-05-21 00:01:57,993] INFO [Controller id=0 epoch=1] Changed partition __consumer_offsets-5 from NewPartition to OnlinePartition with state LeaderAndIsr(leader=2, leaderEpoch=0, isrWithBrokerEpoch=List(BrokerState(brokerId=2, brokerEpoch=-1)), leaderRecoveryState=RECOVERED, partitionEpoch=0) (state.change.logger)
[2024-05-21 00:01:57,993] INFO [Controller id=0 epoch=1] Changed partition __consumer_offsets-26 from NewPartition to OnlinePartition with state LeaderAndIsr(leader=2, leaderEpoch=0, isrWithBrokerEpoch=List(BrokerState(brokerId=2, brokerEpoch=-1)), leaderRecoveryState=RECOVERED, partitionEpoch=0) (state.change.logger)
[2024-05-21 00:01:57,993] INFO [Controller id=0 epoch=1] Changed partition __consumer_offsets-29 from NewPartition to OnlinePartition with state LeaderAndIsr(leader=2, leaderEpoch=0, isrWithBrokerEpoch=List(BrokerState(brokerId=2, brokerEpoch=-1)), leaderRecoveryState=RECOVERED, partitionEpoch=0) (state.change.logger)
[2024-05-21 00:01:57,993] INFO [Controller id=0 epoch=1] Changed partition __consumer_offsets-34 from NewPartition to OnlinePartition with state LeaderAndIsr(leader=0, leaderEpoch=0, isrWithBrokerEpoch=List(BrokerState(brokerId=0, brokerEpoch=-1)), leaderRecoveryState=RECOVERED, partitionEpoch=0) (state.change.logger)
[2024-05-21 00:01:57,993] INFO [Controller id=0 epoch=1] Changed partition __consumer_offsets-10 from NewPartition to OnlinePartition with state LeaderAndIsr(leader=0, leaderEpoch=0, isrWithBrokerEpoch=List(BrokerState(brokerId=0, brokerEpoch=-1)), leaderRecoveryState=RECOVERED, partitionEpoch=0) (state.change.logger)
[2024-05-21 00:01:57,993] INFO [Controller id=0 epoch=1] Changed partition __consumer_offsets-32 from NewPartition to OnlinePartition with state LeaderAndIsr(leader=2, leaderEpoch=0, isrWithBrokerEpoch=List(BrokerState(brokerId=2, brokerEpoch=-1)), leaderRecoveryState=RECOVERED, partitionEpoch=0) (state.change.logger)
[2024-05-21 00:01:57,993] INFO [Controller id=0 epoch=1] Changed partition __consumer_offsets-40 from NewPartition to OnlinePartition with state LeaderAndIsr(leader=0, leaderEpoch=0, isrWithBrokerEpoch=List(BrokerState(brokerId=0, brokerEpoch=-1)), leaderRecoveryState=RECOVERED, partitionEpoch=0) (state.change.logger)
[2024-05-21 00:01:57,993] INFO [Controller id=0 epoch=1] Sending LeaderAndIsr request to broker 2 with 16 become-leader and 0 become-follower partitions (state.change.logger)
[2024-05-21 00:01:57,993] INFO [Controller id=0 epoch=1] Sending LeaderAndIsr request to broker 1 with 17 become-leader and 0 become-follower partitions (state.change.logger)
[2024-05-21 00:01:57,993] INFO [Controller id=0 epoch=1] Sending LeaderAndIsr request to broker 0 with 17 become-leader and 0 become-follower partitions (state.change.logger)
[2024-05-21 00:01:57,994] INFO [Controller id=0 epoch=1] Sending UpdateMetadata request to brokers Set(0, 1, 2) for 50 partitions (state.change.logger)
[2024-05-21 00:01:57,995] INFO [Broker id=0] Handling LeaderAndIsr request correlationId 5 from controller 0 for 17 partitions (state.change.logger)
[2024-05-21 00:01:57,995] INFO [Controller id=0 epoch=1] Sending UpdateMetadata request to brokers Set() for 0 partitions (state.change.logger)
[2024-05-21 00:01:57,995] INFO [Broker id=1] Handling LeaderAndIsr request correlationId 4 from controller 0 for 17 partitions (state.change.logger)
[2024-05-21 00:01:57,995] INFO [Broker id=2] Handling LeaderAndIsr request correlationId 3 from controller 0 for 16 partitions (state.change.logger)
[2024-05-21 00:01:58,004] INFO [Broker id=0] Stopped fetchers as part of LeaderAndIsr request correlationId 5 from controller 0 epoch 1 as part of the become-leader transition for 17 partitions (state.change.logger)
[2024-05-21 00:01:58,009] INFO [Broker id=2] Stopped fetchers as part of LeaderAndIsr request correlationId 3 from controller 0 epoch 1 as part of the become-leader transition for 16 partitions (state.change.logger)
[2024-05-21 00:01:58,012] INFO [Broker id=1] Stopped fetchers as part of LeaderAndIsr request correlationId 4 from controller 0 epoch 1 as part of the become-leader transition for 17 partitions (state.change.logger)
[2024-05-21 00:01:58,025] INFO [Broker id=0] Leader __consumer_offsets-10 with topic id Some(lSSy6giUSNy1dsAoG53jug) starts at leader epoch 0 from offset 0 with partition epoch 0, high watermark 0, ISR [0], adding replicas [] and removing replicas [] . Previous leader None and previous leader epoch was -1. (state.change.logger)
[2024-05-21 00:01:58,095] INFO [Broker id=2] Leader __consumer_offsets-29 with topic id Some(lSSy6giUSNy1dsAoG53jug) starts at leader epoch 0 from offset 0 with partition epoch 0, high watermark 0, ISR [2], adding replicas [] and removing replicas [] . Previous leader None and previous leader epoch was -1. (state.change.logger)
[2024-05-21 00:01:58,248] INFO [Broker id=0] Leader __consumer_offsets-7 with topic id Some(lSSy6giUSNy1dsAoG53jug) starts at leader epoch 0 from offset 0 with partition epoch 0, high watermark 0, ISR [0], adding replicas [] and removing replicas [] . Previous leader None and previous leader epoch was -1. (state.change.logger)
[2024-05-21 00:01:58,248] INFO [Broker id=1] Leader __consumer_offsets-0 with topic id Some(lSSy6giUSNy1dsAoG53jug) starts at leader epoch 0 from offset 0 with partition epoch 0, high watermark 0, ISR [1], adding replicas [] and removing replicas [] . Previous leader None and previous leader epoch was -1. (state.change.logger)
[2024-05-21 00:01:58,365] INFO [Broker id=2] Leader __consumer_offsets-26 with topic id Some(lSSy6giUSNy1dsAoG53jug) starts at leader epoch 0 from offset 0 with partition epoch 0, high watermark 0, ISR [2], adding replicas [] and removing replicas [] . Previous leader None and previous leader epoch was -1. (state.change.logger)
[2024-05-21 00:01:58,434] INFO [Broker id=1] Leader __consumer_offsets-48 with topic id Some(lSSy6giUSNy1dsAoG53jug) starts at leader epoch 0 from offset 0 with partition epoch 0, high watermark 0, ISR [1], adding replicas [] and removing replicas [] . Previous leader None and previous leader epoch was -1. (state.change.logger)
[2024-05-21 00:01:58,574] INFO [Broker id=0] Leader __consumer_offsets-4 with topic id Some(lSSy6giUSNy1dsAoG53jug) starts at leader epoch 0 from offset 0 with partition epoch 0, high watermark 0, ISR [0], adding replicas [] and removing replicas [] . Previous leader None and previous leader epoch was -1. (state.change.logger)
[2024-05-21 00:01:58,675] INFO [Broker id=2] Leader __consumer_offsets-23 with topic id Some(lSSy6giUSNy1dsAoG53jug) starts at leader epoch 0 from offset 0 with partition epoch 0, high watermark 0, ISR [2], adding replicas [] and removing replicas [] . Previous leader None and previous leader epoch was -1. (state.change.logger)
[2024-05-21 00:01:58,769] INFO [Broker id=1] Leader __consumer_offsets-45 with topic id Some(lSSy6giUSNy1dsAoG53jug) starts at leader epoch 0 from offset 0 with partition epoch 0, high watermark 0, ISR [1], adding replicas [] and removing replicas [] . Previous leader None and previous leader epoch was -1. (state.change.logger)
[2024-05-21 00:01:58,792] INFO [Broker id=0] Leader __consumer_offsets-1 with topic id Some(lSSy6giUSNy1dsAoG53jug) starts at leader epoch 0 from offset 0 with partition epoch 0, high watermark 0, ISR [0], adding replicas [] and removing replicas [] . Previous leader None and previous leader epoch was -1. (state.change.logger)
[2024-05-21 00:01:58,879] INFO [Broker id=2] Leader __consumer_offsets-20 with topic id Some(lSSy6giUSNy1dsAoG53jug) starts at leader epoch 0 from offset 0 with partition epoch 0, high watermark 0, ISR [2], adding replicas [] and removing replicas [] . Previous leader None and previous leader epoch was -1. (state.change.logger)
[2024-05-21 00:01:58,966] INFO [Broker id=1] Leader __consumer_offsets-42 with topic id Some(lSSy6giUSNy1dsAoG53jug) starts at leader epoch 0 from offset 0 with partition epoch 0, high watermark 0, ISR [1], adding replicas [] and removing replicas [] . Previous leader None and previous leader epoch was -1. (state.change.logger)
[2024-05-21 00:01:59,025] INFO [Broker id=2] Leader __consumer_offsets-17 with topic id Some(lSSy6giUSNy1dsAoG53jug) starts at leader epoch 0 from offset 0 with partition epoch 0, high watermark 0, ISR [2], adding replicas [] and removing replicas [] . Previous leader None and previous leader epoch was -1. (state.change.logger)
[2024-05-21 00:01:59,070] INFO [Broker id=0] Leader __consumer_offsets-49 with topic id Some(lSSy6giUSNy1dsAoG53jug) starts at leader epoch 0 from offset 0 with partition epoch 0, high watermark 0, ISR [0], adding replicas [] and removing replicas [] . Previous leader None and previous leader epoch was -1. (state.change.logger)
[2024-05-21 00:01:59,200] INFO [Broker id=1] Leader __consumer_offsets-39 with topic id Some(lSSy6giUSNy1dsAoG53jug) starts at leader epoch 0 from offset 0 with partition epoch 0, high watermark 0, ISR [1], adding replicas [] and removing replicas [] . Previous leader None and previous leader epoch was -1. (state.change.logger)
[2024-05-21 00:01:59,277] INFO [Broker id=2] Leader __consumer_offsets-14 with topic id Some(lSSy6giUSNy1dsAoG53jug) starts at leader epoch 0 from offset 0 with partition epoch 0, high watermark 0, ISR [2], adding replicas [] and removing replicas [] . Previous leader None and previous leader epoch was -1. (state.change.logger)
[2024-05-21 00:01:59,378] INFO [Broker id=0] Leader __consumer_offsets-46 with topic id Some(lSSy6giUSNy1dsAoG53jug) starts at leader epoch 0 from offset 0 with partition epoch 0, high watermark 0, ISR [0], adding replicas [] and removing replicas [] . Previous leader None and previous leader epoch was -1. (state.change.logger)
[2024-05-21 00:01:59,454] INFO [Broker id=2] Leader __consumer_offsets-11 with topic id Some(lSSy6giUSNy1dsAoG53jug) starts at leader epoch 0 from offset 0 with partition epoch 0, high watermark 0, ISR [2], adding replicas [] and removing replicas [] . Previous leader None and previous leader epoch was -1. (state.change.logger)
[2024-05-21 00:01:59,610] INFO [Broker id=1] Leader __consumer_offsets-36 with topic id Some(lSSy6giUSNy1dsAoG53jug) starts at leader epoch 0 from offset 0 with partition epoch 0, high watermark 0, ISR [1], adding replicas [] and removing replicas [] . Previous leader None and previous leader epoch was -1. (state.change.logger)
[2024-05-21 00:01:59,632] INFO [Broker id=0] Leader __consumer_offsets-43 with topic id Some(lSSy6giUSNy1dsAoG53jug) starts at leader epoch 0 from offset 0 with partition epoch 0, high watermark 0, ISR [0], adding replicas [] and removing replicas [] . Previous leader None and previous leader epoch was -1. (state.change.logger)
[2024-05-21 00:01:59,712] INFO [Broker id=2] Leader __consumer_offsets-8 with topic id Some(lSSy6giUSNy1dsAoG53jug) starts at leader epoch 0 from offset 0 with partition epoch 0, high watermark 0, ISR [2], adding replicas [] and removing replicas [] . Previous leader None and previous leader epoch was -1. (state.change.logger)
[2024-05-21 00:01:59,786] INFO [Broker id=1] Leader __consumer_offsets-33 with topic id Some(lSSy6giUSNy1dsAoG53jug) starts at leader epoch 0 from offset 0 with partition epoch 0, high watermark 0, ISR [1], adding replicas [] and removing replicas [] . Previous leader None and previous leader epoch was -1. (state.change.logger)
[2024-05-21 00:01:59,860] INFO [Broker id=0] Leader __consumer_offsets-40 with topic id Some(lSSy6giUSNy1dsAoG53jug) starts at leader epoch 0 from offset 0 with partition epoch 0, high watermark 0, ISR [0], adding replicas [] and removing replicas [] . Previous leader None and previous leader epoch was -1. (state.change.logger)
[2024-05-21 00:01:59,895] INFO [Broker id=2] Leader __consumer_offsets-5 with topic id Some(lSSy6giUSNy1dsAoG53jug) starts at leader epoch 0 from offset 0 with partition epoch 0, high watermark 0, ISR [2], adding replicas [] and removing replicas [] . Previous leader None and previous leader epoch was -1. (state.change.logger)
[2024-05-21 00:02:00,034] INFO [Broker id=1] Leader __consumer_offsets-30 with topic id Some(lSSy6giUSNy1dsAoG53jug) starts at leader epoch 0 from offset 0 with partition epoch 0, high watermark 0, ISR [1], adding replicas [] and removing replicas [] . Previous leader None and previous leader epoch was -1. (state.change.logger)
[2024-05-21 00:02:00,036] INFO [Broker id=0] Leader __consumer_offsets-37 with topic id Some(lSSy6giUSNy1dsAoG53jug) starts at leader epoch 0 from offset 0 with partition epoch 0, high watermark 0, ISR [0], adding replicas [] and removing replicas [] . Previous leader None and previous leader epoch was -1. (state.change.logger)
[2024-05-21 00:02:00,178] INFO [Broker id=2] Leader __consumer_offsets-2 with topic id Some(lSSy6giUSNy1dsAoG53jug) starts at leader epoch 0 from offset 0 with partition epoch 0, high watermark 0, ISR [2], adding replicas [] and removing replicas [] . Previous leader None and previous leader epoch was -1. (state.change.logger)
[2024-05-21 00:02:00,266] INFO [Broker id=1] Leader __consumer_offsets-27 with topic id Some(lSSy6giUSNy1dsAoG53jug) starts at leader epoch 0 from offset 0 with partition epoch 0, high watermark 0, ISR [1], adding replicas [] and removing replicas [] . Previous leader None and previous leader epoch was -1. (state.change.logger)
[2024-05-21 00:02:00,288] INFO [Broker id=0] Leader __consumer_offsets-34 with topic id Some(lSSy6giUSNy1dsAoG53jug) starts at leader epoch 0 from offset 0 with partition epoch 0, high watermark 0, ISR [0], adding replicas [] and removing replicas [] . Previous leader None and previous leader epoch was -1. (state.change.logger)
[2024-05-21 00:02:00,416] INFO [Broker id=2] Leader __consumer_offsets-47 with topic id Some(lSSy6giUSNy1dsAoG53jug) starts at leader epoch 0 from offset 0 with partition epoch 0, high watermark 0, ISR [2], adding replicas [] and removing replicas [] . Previous leader None and previous leader epoch was -1. (state.change.logger)
[2024-05-21 00:02:00,468] INFO [Broker id=1] Leader __consumer_offsets-24 with topic id Some(lSSy6giUSNy1dsAoG53jug) starts at leader epoch 0 from offset 0 with partition epoch 0, high watermark 0, ISR [1], adding replicas [] and removing replicas [] . Previous leader None and previous leader epoch was -1. (state.change.logger)
[2024-05-21 00:02:00,607] INFO [Broker id=0] Leader __consumer_offsets-31 with topic id Some(lSSy6giUSNy1dsAoG53jug) starts at leader epoch 0 from offset 0 with partition epoch 0, high watermark 0, ISR [0], adding replicas [] and removing replicas [] . Previous leader None and previous leader epoch was -1. (state.change.logger)
[2024-05-21 00:02:00,607] INFO [Broker id=2] Leader __consumer_offsets-38 with topic id Some(lSSy6giUSNy1dsAoG53jug) starts at leader epoch 0 from offset 0 with partition epoch 0, high watermark 0, ISR [2], adding replicas [] and removing replicas [] . Previous leader None and previous leader epoch was -1. (state.change.logger)
[2024-05-21 00:02:00,704] INFO [Broker id=1] Leader __consumer_offsets-21 with topic id Some(lSSy6giUSNy1dsAoG53jug) starts at leader epoch 0 from offset 0 with partition epoch 0, high watermark 0, ISR [1], adding replicas [] and removing replicas [] . Previous leader None and previous leader epoch was -1. (state.change.logger)
[2024-05-21 00:02:00,774] INFO [Broker id=2] Leader __consumer_offsets-35 with topic id Some(lSSy6giUSNy1dsAoG53jug) starts at leader epoch 0 from offset 0 with partition epoch 0, high watermark 0, ISR [2], adding replicas [] and removing replicas [] . Previous leader None and previous leader epoch was -1. (state.change.logger)
[2024-05-21 00:02:00,795] INFO [Broker id=0] Leader __consumer_offsets-19 with topic id Some(lSSy6giUSNy1dsAoG53jug) starts at leader epoch 0 from offset 0 with partition epoch 0, high watermark 0, ISR [0], adding replicas [] and removing replicas [] . Previous leader None and previous leader epoch was -1. (state.change.logger)
[2024-05-21 00:02:00,950] INFO [Broker id=1] Leader __consumer_offsets-18 with topic id Some(lSSy6giUSNy1dsAoG53jug) starts at leader epoch 0 from offset 0 with partition epoch 0, high watermark 0, ISR [1], adding replicas [] and removing replicas [] . Previous leader None and previous leader epoch was -1. (state.change.logger)
[2024-05-21 00:02:00,952] INFO [Broker id=2] Leader __consumer_offsets-44 with topic id Some(lSSy6giUSNy1dsAoG53jug) starts at leader epoch 0 from offset 0 with partition epoch 0, high watermark 0, ISR [2], adding replicas [] and removing replicas [] . Previous leader None and previous leader epoch was -1. (state.change.logger)
[2024-05-21 00:02:01,133] INFO [Broker id=0] Leader __consumer_offsets-28 with topic id Some(lSSy6giUSNy1dsAoG53jug) starts at leader epoch 0 from offset 0 with partition epoch 0, high watermark 0, ISR [0], adding replicas [] and removing replicas [] . Previous leader None and previous leader epoch was -1. (state.change.logger)
[2024-05-21 00:02:01,386] INFO [Broker id=2] Leader __consumer_offsets-41 with topic id Some(lSSy6giUSNy1dsAoG53jug) starts at leader epoch 0 from offset 0 with partition epoch 0, high watermark 0, ISR [2], adding replicas [] and removing replicas [] . Previous leader None and previous leader epoch was -1. (state.change.logger)
[2024-05-21 00:02:01,435] INFO [Broker id=1] Leader __consumer_offsets-15 with topic id Some(lSSy6giUSNy1dsAoG53jug) starts at leader epoch 0 from offset 0 with partition epoch 0, high watermark 0, ISR [1], adding replicas [] and removing replicas [] . Previous leader None and previous leader epoch was -1. (state.change.logger)
[2024-05-21 00:02:01,574] INFO [Broker id=0] Leader __consumer_offsets-25 with topic id Some(lSSy6giUSNy1dsAoG53jug) starts at leader epoch 0 from offset 0 with partition epoch 0, high watermark 0, ISR [0], adding replicas [] and removing replicas [] . Previous leader None and previous leader epoch was -1. (state.change.logger)
[2024-05-21 00:02:01,659] INFO [Broker id=2] Leader __consumer_offsets-32 with topic id Some(lSSy6giUSNy1dsAoG53jug) starts at leader epoch 0 from offset 0 with partition epoch 0, high watermark 0, ISR [2], adding replicas [] and removing replicas [] . Previous leader None and previous leader epoch was -1. (state.change.logger)
[2024-05-21 00:02:01,698] INFO [Broker id=1] Leader __consumer_offsets-12 with topic id Some(lSSy6giUSNy1dsAoG53jug) starts at leader epoch 0 from offset 0 with partition epoch 0, high watermark 0, ISR [1], adding replicas [] and removing replicas [] . Previous leader None and previous leader epoch was -1. (state.change.logger)
[2024-05-21 00:02:01,772] INFO [Broker id=0] Leader __consumer_offsets-16 with topic id Some(lSSy6giUSNy1dsAoG53jug) starts at leader epoch 0 from offset 0 with partition epoch 0, high watermark 0, ISR [0], adding replicas [] and removing replicas [] . Previous leader None and previous leader epoch was -1. (state.change.logger)
[2024-05-21 00:02:01,805] INFO [Broker id=2] Finished LeaderAndIsr request in 3811ms correlationId 3 from controller 0 for 16 partitions (state.change.logger)
[2024-05-21 00:02:01,807] INFO [Broker id=2] Add 50 partitions and deleted 0 partitions from metadata cache in response to UpdateMetadata request sent by controller 0 epoch 1 with correlation id 4 (state.change.logger)
[2024-05-21 00:02:01,850] INFO [Broker id=1] Leader __consumer_offsets-9 with topic id Some(lSSy6giUSNy1dsAoG53jug) starts at leader epoch 0 from offset 0 with partition epoch 0, high watermark 0, ISR [1], adding replicas [] and removing replicas [] . Previous leader None and previous leader epoch was -1. (state.change.logger)
[2024-05-21 00:02:01,954] INFO [Broker id=0] Leader __consumer_offsets-22 with topic id Some(lSSy6giUSNy1dsAoG53jug) starts at leader epoch 0 from offset 0 with partition epoch 0, high watermark 0, ISR [0], adding replicas [] and removing replicas [] . Previous leader None and previous leader epoch was -1. (state.change.logger)
[2024-05-21 00:02:02,079] INFO [Broker id=1] Leader __consumer_offsets-6 with topic id Some(lSSy6giUSNy1dsAoG53jug) starts at leader epoch 0 from offset 0 with partition epoch 0, high watermark 0, ISR [1], adding replicas [] and removing replicas [] . Previous leader None and previous leader epoch was -1. (state.change.logger)
[2024-05-21 00:02:02,080] INFO [Broker id=0] Leader __consumer_offsets-13 with topic id Some(lSSy6giUSNy1dsAoG53jug) starts at leader epoch 0 from offset 0 with partition epoch 0, high watermark 0, ISR [0], adding replicas [] and removing replicas [] . Previous leader None and previous leader epoch was -1. (state.change.logger)
[2024-05-21 00:02:02,258] INFO [Broker id=1] Leader __consumer_offsets-3 with topic id Some(lSSy6giUSNy1dsAoG53jug) starts at leader epoch 0 from offset 0 with partition epoch 0, high watermark 0, ISR [1], adding replicas [] and removing replicas [] . Previous leader None and previous leader epoch was -1. (state.change.logger)
[2024-05-21 00:02:02,272] INFO [Broker id=0] Finished LeaderAndIsr request in 4277ms correlationId 5 from controller 0 for 17 partitions (state.change.logger)
[2024-05-21 00:02:02,274] INFO [Broker id=0] Add 50 partitions and deleted 0 partitions from metadata cache in response to UpdateMetadata request sent by controller 0 epoch 1 with correlation id 6 (state.change.logger)
[2024-05-21 00:02:02,358] INFO [Broker id=1] Finished LeaderAndIsr request in 4364ms correlationId 4 from controller 0 for 17 partitions (state.change.logger)
[2024-05-21 00:02:02,360] INFO [Broker id=1] Add 50 partitions and deleted 0 partitions from metadata cache in response to UpdateMetadata request sent by controller 0 epoch 1 with correlation id 5 (state.change.logger)
